<?xml version="1.0" encoding="UTF-8"?>
<testng-results total="1" passed="1" failed="0" skipped="0">
  <reporter-output>
  </reporter-output>
  <suite started-at="2021-04-07T21:08:22Z" name="BDD Test Suite" finished-at="2021-04-07T21:09:32Z" duration-ms="70591">
    <groups>
      <group name="cucumber">
        <method signature="TestRunner.feature(cucumber.api.testng.CucumberFeatureWrapper)[pri:0, instance:TestRunner@27d415d9]" name="feature" class="TestRunner"/>
      </group> <!-- cucumber -->
    </groups>
    <test started-at="2021-04-07T21:08:22Z" name="Login and Update Profile Test" finished-at="2021-04-07T21:09:32Z" duration-ms="70591">
      <class name="TestRunner">
        <test-method is-config="true" signature="setUpClass()[pri:0, instance:TestRunner@27d415d9]" started-at="2021-04-07T22:08:22Z" name="setUpClass" finished-at="2021-04-07T22:08:22Z" duration-ms="161" status="PASS">
          <reporter-output>
          </reporter-output>
        </test-method> <!-- setUpClass -->
        <test-method signature="feature(cucumber.api.testng.CucumberFeatureWrapper)[pri:0, instance:TestRunner@27d415d9]" started-at="2021-04-07T22:08:22Z" name="feature" description="Runs Cucumber Feature" data-provider="features" finished-at="2021-04-07T22:09:32Z" duration-ms="70355" status="PASS">
          <params>
            <param index="0">
              <value>
                <![CDATA[Login Profile]]>
              </value>
            </param>
          </params>
          <reporter-output>
          </reporter-output>
        </test-method> <!-- feature -->
        <test-method is-config="true" signature="tearDownClass()[pri:0, instance:TestRunner@27d415d9]" started-at="2021-04-07T22:09:32Z" name="tearDownClass" finished-at="2021-04-07T22:09:32Z" duration-ms="13" status="PASS">
          <reporter-output>
          </reporter-output>
        </test-method> <!-- tearDownClass -->
      </class> <!-- TestRunner -->
    </test> <!-- Login and Update Profile Test -->
  </suite> <!-- BDD Test Suite -->
</testng-results>
