<?xml version="1.0" encoding="UTF-8"?>
<testng-results total="1" passed="1" failed="0" skipped="0">
  <reporter-output>
  </reporter-output>
  <suite started-at="2021-04-08T08:22:03Z" name="BDD Test Suite" finished-at="2021-04-08T08:23:33Z" duration-ms="90782">
    <groups>
      <group name="cucumber">
        <method signature="TestRunner.feature(cucumber.api.testng.CucumberFeatureWrapper)[pri:0, instance:TestRunner@37afeb11]" name="feature" class="TestRunner"/>
      </group> <!-- cucumber -->
    </groups>
    <test started-at="2021-04-08T08:22:03Z" name="Login and Update Profile Test" finished-at="2021-04-08T08:23:33Z" duration-ms="90782">
      <class name="TestRunner">
        <test-method is-config="true" signature="setUpClass()[pri:0, instance:TestRunner@37afeb11]" started-at="2021-04-08T09:22:03Z" name="setUpClass" finished-at="2021-04-08T09:22:03Z" duration-ms="472" status="PASS">
          <reporter-output>
          </reporter-output>
        </test-method> <!-- setUpClass -->
        <test-method signature="feature(cucumber.api.testng.CucumberFeatureWrapper)[pri:0, instance:TestRunner@37afeb11]" started-at="2021-04-08T09:22:03Z" name="feature" description="Runs Cucumber Feature" data-provider="features" finished-at="2021-04-08T09:23:33Z" duration-ms="90049" status="PASS">
          <params>
            <param index="0">
              <value>
                <![CDATA[Login Profile]]>
              </value>
            </param>
          </params>
          <reporter-output>
          </reporter-output>
        </test-method> <!-- feature -->
        <test-method is-config="true" signature="tearDownClass()[pri:0, instance:TestRunner@37afeb11]" started-at="2021-04-08T09:23:33Z" name="tearDownClass" finished-at="2021-04-08T09:23:33Z" duration-ms="84" status="PASS">
          <reporter-output>
          </reporter-output>
        </test-method> <!-- tearDownClass -->
      </class> <!-- TestRunner -->
    </test> <!-- Login and Update Profile Test -->
  </suite> <!-- BDD Test Suite -->
</testng-results>
